<?xml version="1.0" encoding="UTF-8"?>
<!-- Generated by org.testng.reporters.JUnitXMLReporter -->
<testsuite hostname="Dell-PC" ignored="0" name="Default test" tests="13" failures="0" timestamp="08 Mar 2020 16:53:47 GMT" time="55.834" errors="0">
  <testcase name="parameterdemo" time="0.007" classname="com.qa.demoproject.TestNGdemo"/>
  <testcase name="test1" time="0.001" classname="com.qa.demoproject.TestNGFeatures"/>
  <testcase name="test2" time="0.002" classname="com.qa.demoproject.TestNGFeatures"/>
  <testcase name="test3" time="0.003" classname="com.qa.demoproject.TestNGFeatures"/>
  <testcase name="test3" time="0.001" classname="com.qa.demoproject.TestNGFeatures"/>
  <testcase name="test3" time="0.001" classname="com.qa.demoproject.TestNGFeatures"/>
  <testcase name="test3" time="0.002" classname="com.qa.demoproject.TestNGFeatures"/>
  <testcase name="test3" time="0.002" classname="com.qa.demoproject.TestNGFeatures"/>
  <testcase name="test3" time="0.001" classname="com.qa.demoproject.TestNGFeatures"/>
  <testcase name="test3" time="0.002" classname="com.qa.demoproject.TestNGFeatures"/>
  <testcase name="test3" time="0.002" classname="com.qa.demoproject.TestNGFeatures"/>
  <testcase name="test3" time="0.003" classname="com.qa.demoproject.TestNGFeatures"/>
  <testcase name="test3" time="0.001" classname="com.qa.demoproject.TestNGFeatures"/>
</testsuite> <!-- Default test -->
