<?xml version="1.0" encoding="UTF-8"?>
<!-- Generated by org.testng.reporters.JUnitXMLReporter -->
<testsuite hostname="Dell-PC" ignored="0" name="Test" tests="5" failures="0" timestamp="08 Mar 2020 17:02:54 GMT" time="20.154" errors="0">
  <testcase name="parameterdemo" time="0.005" classname="com.qa.demoproject.TestNGdemo"/>
  <testcase name="test1" time="0.002" classname="com.qa.demoproject.TestNGFeatures"/>
  <testcase name="test2" time="0.001" classname="com.qa.demoproject.TestNGFeatures"/>
  <testcase name="test3" time="0.002" classname="com.qa.demoproject.TestNGFeatures"/>
  <testcase name="test3" time="0.001" classname="com.qa.demoproject.TestNGFeatures"/>
</testsuite> <!-- Test -->
